<?xml version="1.0" encoding="UTF-8"?>
<!-- Generated by org.testng.reporters.JUnitReportReporter -->
<testsuite skipped="0" hostname="DESKTOP-0RNKA5A" name="testCases.Journey" tests="1" failures="0" timestamp="2024-05-07T18:15:49 IST" time="70.327" errors="0">
  <testcase name="generalStoreApp" time="70.327" classname="testCases.Journey"/>
</testsuite> <!-- testCases.Journey -->
